
**** Build of configuration Nios II for project counter_seven ****

make all 
      0 [main] sh 17796 find_fast_cwd: WARNING: Couldn't compute FAST_CWD pointer.  Please report this problem to
the public mailing list cygwin@cygwin.com
      1 [main] sh 14568 find_fast_cwd: WARNING: Couldn't compute FAST_CWD pointer.  Please report this problem to
the public mailing list cygwin@cygwin.com
      1 [main] echo 13780 find_fast_cwd: WARNING: Couldn't compute FAST_CWD pointer.  Please report this problem to
the public mailing list cygwin@cygwin.com
Info: Building ../counter_seven_bsp/
make --no-print-directory -C ../counter_seven_bsp/
      1 [main] pwd 2820 find_fast_cwd: WARNING: Couldn't compute FAST_CWD pointer.  Please report this problem to
the public mailing list cygwin@cygwin.com
      1 [main] sh 9964 find_fast_cwd: WARNING: Couldn't compute FAST_CWD pointer.  Please report this problem to
the public mailing list cygwin@cygwin.com
      1 [main] sh 5764 find_fast_cwd: WARNING: Couldn't compute FAST_CWD pointer.  Please report this problem to
the public mailing list cygwin@cygwin.com
[BSP build complete]
      0 [main] echo 8812 find_fast_cwd: WARNING: Couldn't compute FAST_CWD pointer.  Please report this problem to
the public mailing list cygwin@cygwin.com
Info: Compiling counter.c to obj/default/counter.o
      0 [main] mkdir 8572 find_fast_cwd: WARNING: Couldn't compute FAST_CWD pointer.  Please report this problem to
the public mailing list cygwin@cygwin.com
nios2-elf-gcc -xc -MP -MMD -c -I../counter_seven_bsp//HAL/inc -I../counter_seven_bsp/ -I../counter_seven_bsp//drivers/inc  -DSYSTEM_BUS_WIDTH=32 -pipe -D__hal__ -DALT_NO_INSTRUCTION_EMULATION -DALT_SINGLE_THREADED    -O0 -g -Wall   -EL -mno-hw-div -mhw-mul -mno-hw-mulx  -o obj/default/counter.o counter.c
counter.c: In function 'sevenseg':
counter.c:8: warning: type defaults to 'int' in declaration of 'value'
counter.c:11: warning: implicit declaration of function 'printf'
counter.c:11: warning: incompatible implicit declaration of built-in function 'printf'
counter.c: In function 'main':
counter.c:27: warning: implicit declaration of function 'alt_irq_register'
counter.c:26: warning: unused variable 'state'
      0 [main] true 10704 find_fast_cwd: WARNING: Couldn't compute FAST_CWD pointer.  Please report this problem to
the public mailing list cygwin@cygwin.com
      1 [main] echo 6240 find_fast_cwd: WARNING: Couldn't compute FAST_CWD pointer.  Please report this problem to
the public mailing list cygwin@cygwin.com
Info: Linking counter_seven.elf
nios2-elf-g++  -T'../counter_seven_bsp//linker.x' -msys-crt0='../counter_seven_bsp//obj/HAL/src/crt0.o' -msys-lib=hal_bsp -L../counter_seven_bsp/   -Wl,-Map=counter_seven.map   -O0 -g -Wall   -EL -mno-hw-div -mhw-mul -mno-hw-mulx  -o counter_seven.elf obj/default/counter.o -lm 
nios2-elf-insert counter_seven.elf --thread_model hal --cpu_name cpu --qsys true --simulation_enabled false --stderr_dev jtag_uart --stdin_dev jtag_uart --stdout_dev jtag_uart --sopc_system_name NiosPheriSys --quartus_project_dir "D:/QuartusProject/NiosPheripheral" --sopcinfo D:/QuartusProject/NiosPheripheral/NiosPheriSys.sopcinfo
      0 [main] sh 16164 find_fast_cwd: WARNING: Couldn't compute FAST_CWD pointer.  Please report this problem to
the public mailing list cygwin@cygwin.com
      1 [main] uname 15924 find_fast_cwd: WARNING: Couldn't compute FAST_CWD pointer.  Please report this problem to
the public mailing list cygwin@cygwin.com
      0 [main] sh 18124 find_fast_cwd: WARNING: Couldn't compute FAST_CWD pointer.  Please report this problem to
the public mailing list cygwin@cygwin.com
Info: (counter_seven.elf) 57 KBytes program size (code + initialized data).
Info:                     16319 KBytes free for stack + heap.
      1 [main] echo 13124 find_fast_cwd: WARNING: Couldn't compute FAST_CWD pointer.  Please report this problem to
the public mailing list cygwin@cygwin.com
Info: Creating counter_seven.objdump
nios2-elf-objdump --disassemble --syms --all-header --source counter_seven.elf >counter_seven.objdump
      0 [main] sh 19068 find_fast_cwd: WARNING: Couldn't compute FAST_CWD pointer.  Please report this problem to
the public mailing list cygwin@cygwin.com
      1 [main] sh 7100 find_fast_cwd: WARNING: Couldn't compute FAST_CWD pointer.  Please report this problem to
the public mailing list cygwin@cygwin.com
[counter_seven build complete]

**** Build Finished ****
