Info: Starting: Create block symbol file (.bsf)
Info: ip-generate --project-directory=D:/QuartusProject/NiosPheripheral/ --output-directory=D:/QuartusProject/NiosPheripheral/NiosPheriSys/ --report-file=bsf:D:/QuartusProject/NiosPheripheral/NiosPheriSys.bsf --system-info=DEVICE_FAMILY="Cyclone III" --system-info=DEVICE=EP3C16F484C6 --system-info=DEVICE_SPEEDGRADE=6 --component-file=D:/QuartusProject/NiosPheripheral/NiosPheriSys.qsys
Progress: Loading NiosPheripheral/NiosPheriSys.qsys
Progress: Reading input file
Progress: Adding clk_50 [clock_source 13.0]
Progress: Parameterizing module clk_50
Progress: Adding cpu [altera_nios2_qsys 13.0]
Progress: Parameterizing module cpu
Progress: Adding jtag_uart [altera_avalon_jtag_uart 13.0.1.99.2]
Progress: Parameterizing module jtag_uart
Progress: Adding onchip_memory [altera_avalon_onchip_memory2 13.0.1.99.2]
Progress: Parameterizing module onchip_memory
Progress: Adding sdram_cntr [altera_avalon_new_sdram_controller 13.0.1.99.2]
Progress: Parameterizing module sdram_cntr
Progress: Adding timer [altera_avalon_timer 13.0.1.99.2]
Progress: Parameterizing module timer
Progress: Adding seven_seg0 [altera_avalon_pio 13.0.1.99.2]
Progress: Parameterizing module seven_seg0
Progress: Adding seven_seg1 [altera_avalon_pio 13.0.1.99.2]
Progress: Parameterizing module seven_seg1
Progress: Adding seven_seg2 [altera_avalon_pio 13.0.1.99.2]
Progress: Parameterizing module seven_seg2
Progress: Adding seven_seg3 [altera_avalon_pio 13.0.1.99.2]
Progress: Parameterizing module seven_seg3
Progress: Adding led [altera_avalon_pio 13.0.1.99.2]
Progress: Parameterizing module led
Progress: Adding sw [altera_avalon_pio 13.0.1.99.2]
Progress: Parameterizing module sw
Progress: Building connections
Progress: Parameterizing connections
Progress: Validating
Progress: Done reading input file
Info: NiosPheriSys.sw: PIO inputs are not hardwired in test bench. Undefined values will be read from PIO inputs during simulation.
Info: ip-generate succeeded.
Info: Finished: Create block symbol file (.bsf)
Info: 
Info: Starting: Create HDL design files for synthesis
Info: ip-generate --project-directory=D:/QuartusProject/NiosPheripheral/ --output-directory=D:/QuartusProject/NiosPheripheral/NiosPheriSys/synthesis/ --file-set=QUARTUS_SYNTH --report-file=sopcinfo:D:/QuartusProject/NiosPheripheral/NiosPheriSys.sopcinfo --report-file=html:D:/QuartusProject/NiosPheripheral/NiosPheriSys.html --report-file=qip:D:/QuartusProject/NiosPheripheral/NiosPheriSys/synthesis/NiosPheriSys.qip --report-file=cmp:D:/QuartusProject/NiosPheripheral/NiosPheriSys.cmp --report-file=svd --system-info=DEVICE_FAMILY="Cyclone III" --system-info=DEVICE=EP3C16F484C6 --system-info=DEVICE_SPEEDGRADE=6 --component-file=D:/QuartusProject/NiosPheripheral/NiosPheriSys.qsys --language=VHDL
Progress: Loading NiosPheripheral/NiosPheriSys.qsys
Progress: Reading input file
Progress: Adding clk_50 [clock_source 13.0]
Progress: Parameterizing module clk_50
Progress: Adding cpu [altera_nios2_qsys 13.0]
Progress: Parameterizing module cpu
Progress: Adding jtag_uart [altera_avalon_jtag_uart 13.0.1.99.2]
Progress: Parameterizing module jtag_uart
Progress: Adding onchip_memory [altera_avalon_onchip_memory2 13.0.1.99.2]
Progress: Parameterizing module onchip_memory
Progress: Adding sdram_cntr [altera_avalon_new_sdram_controller 13.0.1.99.2]
Progress: Parameterizing module sdram_cntr
Progress: Adding timer [altera_avalon_timer 13.0.1.99.2]
Progress: Parameterizing module timer
Progress: Adding seven_seg0 [altera_avalon_pio 13.0.1.99.2]
Progress: Parameterizing module seven_seg0
Progress: Adding seven_seg1 [altera_avalon_pio 13.0.1.99.2]
Progress: Parameterizing module seven_seg1
Progress: Adding seven_seg2 [altera_avalon_pio 13.0.1.99.2]
Progress: Parameterizing module seven_seg2
Progress: Adding seven_seg3 [altera_avalon_pio 13.0.1.99.2]
Progress: Parameterizing module seven_seg3
Progress: Adding led [altera_avalon_pio 13.0.1.99.2]
Progress: Parameterizing module led
Progress: Adding sw [altera_avalon_pio 13.0.1.99.2]
Progress: Parameterizing module sw
Progress: Building connections
Progress: Parameterizing connections
Progress: Validating
Progress: Done reading input file
Info: NiosPheriSys.sw: PIO inputs are not hardwired in test bench. Undefined values will be read from PIO inputs during simulation.
Info: NiosPheriSys: Generating NiosPheriSys "NiosPheriSys" for QUARTUS_SYNTH
Info: pipeline_bridge_swap_transform: After transform: 12 modules, 38 connections
Info: No custom instruction connections, skipping transform 
Info: merlin_translator_transform: After transform: 25 modules, 77 connections
Info: merlin_domain_transform: After transform: 51 modules, 212 connections
Info: merlin_router_transform: After transform: 64 modules, 251 connections
Info: merlin_traffic_limiter_transform: After transform: 65 modules, 255 connections
Info: merlin_burst_transform: After transform: 66 modules, 258 connections
Info: reset_adaptation_transform: After transform: 67 modules, 260 connections
Info: merlin_network_to_switch_transform: After transform: 92 modules, 314 connections
Info: merlin_width_transform: After transform: 94 modules, 320 connections
Info: limiter_update_transform: After transform: 94 modules, 321 connections
Info: merlin_mm_transform: After transform: 94 modules, 321 connections
Info: merlin_interrupt_mapper_transform: After transform: 95 modules, 324 connections
Warning: NiosPheriSys: "No matching role found for rst_controller:reset_out:reset_req (reset_req)"
Warning: NiosPheriSys: "No matching role found for rst_controller:reset_out:reset_req (reset_req)"
Warning: NiosPheriSys: "No matching role found for rst_controller:reset_out:reset_req (reset_req)"
Warning: NiosPheriSys: "No matching role found for rst_controller:reset_out:reset_req (reset_req)"
Warning: NiosPheriSys: "No matching role found for rst_controller:reset_out:reset_req (reset_req)"
Warning: NiosPheriSys: "No matching role found for rst_controller:reset_out:reset_req (reset_req)"
Warning: NiosPheriSys: "No matching role found for rst_controller:reset_out:reset_req (reset_req)"
Warning: NiosPheriSys: "No matching role found for rst_controller:reset_out:reset_req (reset_req)"
Warning: NiosPheriSys: "No matching role found for rst_controller:reset_out:reset_req (reset_req)"
Warning: NiosPheriSys: "No matching role found for rst_controller:reset_out:reset_req (reset_req)"
Warning: NiosPheriSys: "No matching role found for rst_controller:reset_out:reset_req (reset_req)"
Warning: NiosPheriSys: "No matching role found for rst_controller:reset_out:reset_req (reset_req)"
Warning: NiosPheriSys: "No matching role found for rst_controller:reset_out:reset_req (reset_req)"
Warning: NiosPheriSys: "No matching role found for rst_controller:reset_out:reset_req (reset_req)"
Warning: NiosPheriSys: "No matching role found for rst_controller:reset_out:reset_req (reset_req)"
Warning: NiosPheriSys: "No matching role found for rst_controller:reset_out:reset_req (reset_req)"
Warning: NiosPheriSys: "No matching role found for rst_controller:reset_out:reset_req (reset_req)"
Warning: NiosPheriSys: "No matching role found for rst_controller:reset_out:reset_req (reset_req)"
Warning: NiosPheriSys: "No matching role found for rst_controller:reset_out:reset_req (reset_req)"
Warning: NiosPheriSys: "No matching role found for rst_controller:reset_out:reset_req (reset_req)"
Warning: NiosPheriSys: "No matching role found for rst_controller:reset_out:reset_req (reset_req)"
Warning: NiosPheriSys: "No matching role found for rst_controller:reset_out:reset_req (reset_req)"
Warning: NiosPheriSys: "No matching role found for rst_controller:reset_out:reset_req (reset_req)"
Warning: NiosPheriSys: "No matching role found for rst_controller:reset_out:reset_req (reset_req)"
Warning: NiosPheriSys: "No matching role found for rst_controller:reset_out:reset_req (reset_req)"
Warning: NiosPheriSys: "No matching role found for rst_controller:reset_out:reset_req (reset_req)"
Warning: NiosPheriSys: "No matching role found for rst_controller:reset_out:reset_req (reset_req)"
Warning: NiosPheriSys: "No matching role found for rst_controller:reset_out:reset_req (reset_req)"
Warning: NiosPheriSys: "No matching role found for rst_controller:reset_out:reset_req (reset_req)"
Warning: NiosPheriSys: "No matching role found for rst_controller:reset_out:reset_req (reset_req)"
Warning: NiosPheriSys: "No matching role found for rst_controller:reset_out:reset_req (reset_req)"
Warning: NiosPheriSys: "No matching role found for rst_controller:reset_out:reset_req (reset_req)"
Warning: NiosPheriSys: "No matching role found for rst_controller:reset_out:reset_req (reset_req)"
Warning: NiosPheriSys: "No matching role found for rst_controller:reset_out:reset_req (reset_req)"
Warning: NiosPheriSys: "No matching role found for rst_controller:reset_out:reset_req (reset_req)"
Warning: NiosPheriSys: "No matching role found for rst_controller:reset_out:reset_req (reset_req)"
Warning: NiosPheriSys: "No matching role found for rst_controller:reset_out:reset_req (reset_req)"
Warning: NiosPheriSys: "No matching role found for rst_controller:reset_out:reset_req (reset_req)"
Warning: NiosPheriSys: "No matching role found for rst_controller:reset_out:reset_req (reset_req)"
Warning: NiosPheriSys: "No matching role found for rst_controller:reset_out:reset_req (reset_req)"
Warning: NiosPheriSys: "No matching role found for rst_controller:reset_out:reset_req (reset_req)"
Warning: NiosPheriSys: "No matching role found for rst_controller:reset_out:reset_req (reset_req)"
Warning: NiosPheriSys: "No matching role found for rst_controller:reset_out:reset_req (reset_req)"
Warning: NiosPheriSys: "No matching role found for rst_controller:reset_out:reset_req (reset_req)"
Warning: NiosPheriSys: "No matching role found for rst_controller:reset_out:reset_req (reset_req)"
Warning: NiosPheriSys: "No matching role found for rst_controller:reset_out:reset_req (reset_req)"
Warning: NiosPheriSys: "No matching role found for rst_controller:reset_out:reset_req (reset_req)"
Warning: NiosPheriSys: "No matching role found for rst_controller:reset_out:reset_req (reset_req)"
Warning: NiosPheriSys: "No matching role found for rst_controller:reset_out:reset_req (reset_req)"
Warning: NiosPheriSys: "No matching role found for rst_controller:reset_out:reset_req (reset_req)"
Warning: NiosPheriSys: "No matching role found for rst_controller:reset_out:reset_req (reset_req)"
Warning: NiosPheriSys: "No matching role found for rst_controller:reset_out:reset_req (reset_req)"
Warning: NiosPheriSys: "No matching role found for rst_controller:reset_out:reset_req (reset_req)"
Warning: NiosPheriSys: "No matching role found for rst_controller:reset_out:reset_req (reset_req)"
Warning: NiosPheriSys: "No matching role found for rst_controller:reset_out:reset_req (reset_req)"
Warning: NiosPheriSys: "No matching role found for rst_controller:reset_out:reset_req (reset_req)"
Warning: NiosPheriSys: "No matching role found for rst_controller:reset_out:reset_req (reset_req)"
Warning: NiosPheriSys: "No matching role found for rst_controller:reset_out:reset_req (reset_req)"
Warning: NiosPheriSys: "No matching role found for rst_controller:reset_out:reset_req (reset_req)"
Warning: NiosPheriSys: "No matching role found for rst_controller:reset_out:reset_req (reset_req)"
Warning: NiosPheriSys: "No matching role found for rst_controller:reset_out:reset_req (reset_req)"
Warning: NiosPheriSys: "No matching role found for rst_controller:reset_out:reset_req (reset_req)"
Warning: NiosPheriSys: "No matching role found for rst_controller:reset_out:reset_req (reset_req)"
Warning: NiosPheriSys: "No matching role found for rst_controller:reset_out:reset_req (reset_req)"
Warning: NiosPheriSys: "No matching role found for rst_controller:reset_out:reset_req (reset_req)"
Warning: NiosPheriSys: "No matching role found for rst_controller:reset_out:reset_req (reset_req)"
Warning: NiosPheriSys: "No matching role found for rst_controller:reset_out:reset_req (reset_req)"
Warning: NiosPheriSys: "No matching role found for rst_controller:reset_out:reset_req (reset_req)"
Warning: NiosPheriSys: "No matching role found for rst_controller:reset_out:reset_req (reset_req)"
Warning: NiosPheriSys: "No matching role found for rst_controller:reset_out:reset_req (reset_req)"
Warning: NiosPheriSys: "No matching role found for rst_controller:reset_out:reset_req (reset_req)"
Warning: NiosPheriSys: "No matching role found for rst_controller:reset_out:reset_req (reset_req)"
Warning: NiosPheriSys: "No matching role found for rst_controller:reset_out:reset_req (reset_req)"
Warning: NiosPheriSys: "No matching role found for rst_controller:reset_out:reset_req (reset_req)"
Warning: NiosPheriSys: "No matching role found for rst_controller:reset_out:reset_req (reset_req)"
Warning: NiosPheriSys: "No matching role found for rst_controller:reset_out:reset_req (reset_req)"
Warning: NiosPheriSys: "No matching role found for rst_controller:reset_out:reset_req (reset_req)"
Warning: NiosPheriSys: "No matching role found for rst_controller:reset_out:reset_req (reset_req)"
Warning: NiosPheriSys: "No matching role found for rst_controller:reset_out:reset_req (reset_req)"
Warning: NiosPheriSys: "No matching role found for rst_controller:reset_out:reset_req (reset_req)"
Warning: NiosPheriSys: "No matching role found for rst_controller:reset_out:reset_req (reset_req)"
Warning: NiosPheriSys: "No matching role found for rst_controller:reset_out:reset_req (reset_req)"
Warning: NiosPheriSys: "No matching role found for rst_controller:reset_out:reset_req (reset_req)"
Warning: NiosPheriSys: "No matching role found for rst_controller:reset_out:reset_req (reset_req)"
Warning: NiosPheriSys: "No matching role found for rst_controller:reset_out:reset_req (reset_req)"
Warning: NiosPheriSys: "No matching role found for rst_controller:reset_out:reset_req (reset_req)"
Warning: NiosPheriSys: "No matching role found for rst_controller:reset_out:reset_req (reset_req)"
Warning: NiosPheriSys: "No matching role found for rst_controller:reset_out:reset_req (reset_req)"
Warning: NiosPheriSys: "No matching role found for rst_controller:reset_out:reset_req (reset_req)"
Warning: NiosPheriSys: "No matching role found for rst_controller:reset_out:reset_req (reset_req)"
Warning: NiosPheriSys: "No matching role found for rst_controller:reset_out:reset_req (reset_req)"
Warning: NiosPheriSys: "No matching role found for rst_controller:reset_out:reset_req (reset_req)"
Info: cpu: Starting RTL generation for module 'NiosPheriSys_cpu'
Info: cpu:   Generation command is [exec C:/altera/13.0sp1/quartus/../ip/altera/nios2_ip/altera_nios2/eperl.exe -I C:/altera/13.0sp1/quartus/common/ip/altera/common/perl/5.8.3 -I C:/altera/13.0sp1/quartus/sopc_builder/bin/europa -I C:/altera/13.0sp1/quartus/sopc_builder/bin/perl_lib -I C:/altera/13.0sp1/quartus/sopc_builder/bin -I C:/altera/13.0sp1/quartus/../ip/altera/nios2_ip/altera_nios2/cpu_lib -I C:/altera/13.0sp1/quartus/../ip/altera/nios2_ip/altera_nios2/nios_lib -I C:/altera/13.0sp1/quartus/../ip/altera/nios2_ip/altera_nios2 -I C:/altera/13.0sp1/quartus/../ip/altera/nios2_ip/altera_nios2 -- C:/altera/13.0sp1/quartus/../ip/altera/nios2_ip/altera_nios2/generate_rtl.epl --name=NiosPheriSys_cpu --dir=C:/Users/KISHAN/AppData/Local/Temp/alt8339_6536696408967105492.dir/0029_cpu_gen/ --quartus_dir=C:/altera/13.0sp1/quartus --verilog --config=C:/Users/KISHAN/AppData/Local/Temp/alt8339_6536696408967105492.dir/0029_cpu_gen//NiosPheriSys_cpu_processor_configuration.pl  --do_build_sim=0    --bogus  ]
Info: cpu: # 2020.03.18 15:12:27 (*) Starting Nios II generation
Info: cpu: # 2020.03.18 15:12:27 (*)   Checking for plaintext license.
Info: cpu: # 2020.03.18 15:12:27 (*)   Couldn't query license setup in Quartus directory C:/altera/13.0sp1/quartus
Info: cpu: # 2020.03.18 15:12:27 (*)   Defaulting to contents of LM_LICENSE_FILE environment variable
Info: cpu: # 2020.03.18 15:12:27 (*)   LM_LICENSE_FILE environment variable is empty
Info: cpu: # 2020.03.18 15:12:27 (*)   Plaintext license not found.
Info: cpu: # 2020.03.18 15:12:27 (*)   Checking for encrypted license (non-evaluation).
Info: cpu: # 2020.03.18 15:12:28 (*)   Couldn't query license setup in Quartus directory C:/altera/13.0sp1/quartus
Info: cpu: # 2020.03.18 15:12:28 (*)   Defaulting to contents of LM_LICENSE_FILE environment variable
Info: cpu: # 2020.03.18 15:12:28 (*)   LM_LICENSE_FILE environment variable is empty
Info: cpu: # 2020.03.18 15:12:28 (*)   Encrypted license not found.  Defaulting to OCP evaluation license (produces a time-limited SOF)
Info: cpu: # 2020.03.18 15:12:28 (*)   Elaborating CPU configuration settings
Info: cpu: # 2020.03.18 15:12:28 (*)   Creating all objects for CPU
Info: cpu: # 2020.03.18 15:12:28 (*)     Pipeline frontend
Info: cpu: # 2020.03.18 15:12:29 (*)   Generating RTL from CPU objects
Info: cpu: # 2020.03.18 15:12:31 (*)   Creating encrypted RTL
Info: cpu: # 2020.03.18 15:12:32 (*) Done Nios II generation
Info: cpu: Done RTL generation for module 'NiosPheriSys_cpu'
Info: cpu: "NiosPheriSys" instantiated altera_nios2_qsys "cpu"
Info: jtag_uart: Starting RTL generation for module 'NiosPheriSys_jtag_uart'
Info: jtag_uart:   Generation command is [exec C:/altera/13.0sp1/quartus/bin/perl/bin/perl.exe -I C:/altera/13.0sp1/quartus/common/ip/altera/common/perl/5.8.3 -I C:/altera/13.0sp1/quartus/sopc_builder/bin/europa -I C:/altera/13.0sp1/quartus/sopc_builder/bin/perl_lib -I C:/altera/13.0sp1/quartus/sopc_builder/bin -I C:/altera/13.0sp1/quartus/../ip/altera/sopc_builder_ip/common -I C:/altera/13.0sp1/quartus/../ip/altera/sopc_builder_ip/altera_avalon_jtag_uart -- C:/altera/13.0sp1/quartus/../ip/altera/sopc_builder_ip/altera_avalon_jtag_uart/generate_rtl.pl --name=NiosPheriSys_jtag_uart --dir=C:/Users/KISHAN/AppData/Local/Temp/alt8339_6536696408967105492.dir/0030_jtag_uart_gen/ --quartus_dir=C:/altera/13.0sp1/quartus --verilog --config=C:/Users/KISHAN/AppData/Local/Temp/alt8339_6536696408967105492.dir/0030_jtag_uart_gen//NiosPheriSys_jtag_uart_component_configuration.pl  --do_build_sim=0  ]
Info: jtag_uart: Done RTL generation for module 'NiosPheriSys_jtag_uart'
Info: jtag_uart: "NiosPheriSys" instantiated altera_avalon_jtag_uart "jtag_uart"
Info: onchip_memory: Starting RTL generation for module 'NiosPheriSys_onchip_memory'
Info: onchip_memory:   Generation command is [exec C:/altera/13.0sp1/quartus/bin/perl/bin/perl.exe -I C:/altera/13.0sp1/quartus/common/ip/altera/common/perl/5.8.3 -I C:/altera/13.0sp1/quartus/sopc_builder/bin/europa -I C:/altera/13.0sp1/quartus/sopc_builder/bin/perl_lib -I C:/altera/13.0sp1/quartus/sopc_builder/bin -I C:/altera/13.0sp1/quartus/../ip/altera/sopc_builder_ip/common -I C:/altera/13.0sp1/quartus/../ip/altera/sopc_builder_ip/altera_avalon_onchip_memory2 -- C:/altera/13.0sp1/quartus/../ip/altera/sopc_builder_ip/altera_avalon_onchip_memory2/generate_rtl.pl --name=NiosPheriSys_onchip_memory --dir=C:/Users/KISHAN/AppData/Local/Temp/alt8339_6536696408967105492.dir/0031_onchip_memory_gen/ --quartus_dir=C:/altera/13.0sp1/quartus --verilog --config=C:/Users/KISHAN/AppData/Local/Temp/alt8339_6536696408967105492.dir/0031_onchip_memory_gen//NiosPheriSys_onchip_memory_component_configuration.pl  --do_build_sim=0  ]
Info: onchip_memory: Done RTL generation for module 'NiosPheriSys_onchip_memory'
Info: onchip_memory: "NiosPheriSys" instantiated altera_avalon_onchip_memory2 "onchip_memory"
Info: sdram_cntr: Starting RTL generation for module 'NiosPheriSys_sdram_cntr'
Info: sdram_cntr:   Generation command is [exec C:/altera/13.0sp1/quartus/bin/perl/bin/perl.exe -I C:/altera/13.0sp1/quartus/common/ip/altera/common/perl/5.8.3 -I C:/altera/13.0sp1/quartus/sopc_builder/bin/europa -I C:/altera/13.0sp1/quartus/sopc_builder/bin/perl_lib -I C:/altera/13.0sp1/quartus/sopc_builder/bin -I C:/altera/13.0sp1/quartus/../ip/altera/sopc_builder_ip/common -I C:/altera/13.0sp1/quartus/../ip/altera/sopc_builder_ip/altera_avalon_new_sdram_controller -- C:/altera/13.0sp1/quartus/../ip/altera/sopc_builder_ip/altera_avalon_new_sdram_controller/generate_rtl.pl --name=NiosPheriSys_sdram_cntr --dir=C:/Users/KISHAN/AppData/Local/Temp/alt8339_6536696408967105492.dir/0032_sdram_cntr_gen/ --quartus_dir=C:/altera/13.0sp1/quartus --verilog --config=C:/Users/KISHAN/AppData/Local/Temp/alt8339_6536696408967105492.dir/0032_sdram_cntr_gen//NiosPheriSys_sdram_cntr_component_configuration.pl  --do_build_sim=0  ]
Info: sdram_cntr: Done RTL generation for module 'NiosPheriSys_sdram_cntr'
Info: sdram_cntr: "NiosPheriSys" instantiated altera_avalon_new_sdram_controller "sdram_cntr"
Info: timer: Starting RTL generation for module 'NiosPheriSys_timer'
Info: timer:   Generation command is [exec C:/altera/13.0sp1/quartus/bin/perl/bin/perl.exe -I C:/altera/13.0sp1/quartus/common/ip/altera/common/perl/5.8.3 -I C:/altera/13.0sp1/quartus/sopc_builder/bin/europa -I C:/altera/13.0sp1/quartus/sopc_builder/bin/perl_lib -I C:/altera/13.0sp1/quartus/sopc_builder/bin -I C:/altera/13.0sp1/quartus/../ip/altera/sopc_builder_ip/common -I C:/altera/13.0sp1/quartus/../ip/altera/sopc_builder_ip/altera_avalon_timer -- C:/altera/13.0sp1/quartus/../ip/altera/sopc_builder_ip/altera_avalon_timer/generate_rtl.pl --name=NiosPheriSys_timer --dir=C:/Users/KISHAN/AppData/Local/Temp/alt8339_6536696408967105492.dir/0033_timer_gen/ --quartus_dir=C:/altera/13.0sp1/quartus --verilog --config=C:/Users/KISHAN/AppData/Local/Temp/alt8339_6536696408967105492.dir/0033_timer_gen//NiosPheriSys_timer_component_configuration.pl  --do_build_sim=0  ]
Info: timer: Done RTL generation for module 'NiosPheriSys_timer'
Info: timer: "NiosPheriSys" instantiated altera_avalon_timer "timer"
Info: seven_seg0: Starting RTL generation for module 'NiosPheriSys_seven_seg0'
Info: seven_seg0:   Generation command is [exec C:/altera/13.0sp1/quartus/bin/perl/bin/perl.exe -I C:/altera/13.0sp1/quartus/common/ip/altera/common/perl/5.8.3 -I C:/altera/13.0sp1/quartus/sopc_builder/bin/europa -I C:/altera/13.0sp1/quartus/sopc_builder/bin/perl_lib -I C:/altera/13.0sp1/quartus/sopc_builder/bin -I C:/altera/13.0sp1/quartus/../ip/altera/sopc_builder_ip/common -I C:/altera/13.0sp1/quartus/../ip/altera/sopc_builder_ip/altera_avalon_pio -- C:/altera/13.0sp1/quartus/../ip/altera/sopc_builder_ip/altera_avalon_pio/generate_rtl.pl --name=NiosPheriSys_seven_seg0 --dir=C:/Users/KISHAN/AppData/Local/Temp/alt8339_6536696408967105492.dir/0034_seven_seg0_gen/ --quartus_dir=C:/altera/13.0sp1/quartus --verilog --config=C:/Users/KISHAN/AppData/Local/Temp/alt8339_6536696408967105492.dir/0034_seven_seg0_gen//NiosPheriSys_seven_seg0_component_configuration.pl  --do_build_sim=0  ]
Info: seven_seg0: Done RTL generation for module 'NiosPheriSys_seven_seg0'
Info: seven_seg0: "NiosPheriSys" instantiated altera_avalon_pio "seven_seg0"
Info: sw: Starting RTL generation for module 'NiosPheriSys_sw'
Info: sw:   Generation command is [exec C:/altera/13.0sp1/quartus/bin/perl/bin/perl.exe -I C:/altera/13.0sp1/quartus/common/ip/altera/common/perl/5.8.3 -I C:/altera/13.0sp1/quartus/sopc_builder/bin/europa -I C:/altera/13.0sp1/quartus/sopc_builder/bin/perl_lib -I C:/altera/13.0sp1/quartus/sopc_builder/bin -I C:/altera/13.0sp1/quartus/../ip/altera/sopc_builder_ip/common -I C:/altera/13.0sp1/quartus/../ip/altera/sopc_builder_ip/altera_avalon_pio -- C:/altera/13.0sp1/quartus/../ip/altera/sopc_builder_ip/altera_avalon_pio/generate_rtl.pl --name=NiosPheriSys_sw --dir=C:/Users/KISHAN/AppData/Local/Temp/alt8339_6536696408967105492.dir/0035_sw_gen/ --quartus_dir=C:/altera/13.0sp1/quartus --verilog --config=C:/Users/KISHAN/AppData/Local/Temp/alt8339_6536696408967105492.dir/0035_sw_gen//NiosPheriSys_sw_component_configuration.pl  --do_build_sim=0  ]
Info: sw: Done RTL generation for module 'NiosPheriSys_sw'
Info: sw: "NiosPheriSys" instantiated altera_avalon_pio "sw"
Info: cpu_instruction_master_translator: "NiosPheriSys" instantiated altera_merlin_master_translator "cpu_instruction_master_translator"
Info: cpu_jtag_debug_module_translator: "NiosPheriSys" instantiated altera_merlin_slave_translator "cpu_jtag_debug_module_translator"
Info: cpu_instruction_master_translator_avalon_universal_master_0_agent: "NiosPheriSys" instantiated altera_merlin_master_agent "cpu_instruction_master_translator_avalon_universal_master_0_agent"
Info: cpu_jtag_debug_module_translator_avalon_universal_slave_0_agent: "NiosPheriSys" instantiated altera_merlin_slave_agent "cpu_jtag_debug_module_translator_avalon_universal_slave_0_agent"
Info: cpu_jtag_debug_module_translator_avalon_universal_slave_0_agent_rsp_fifo: "NiosPheriSys" instantiated altera_avalon_sc_fifo "cpu_jtag_debug_module_translator_avalon_universal_slave_0_agent_rsp_fifo"
Info: addr_router: "NiosPheriSys" instantiated altera_merlin_router "addr_router"
Info: addr_router_001: "NiosPheriSys" instantiated altera_merlin_router "addr_router_001"
Info: id_router: "NiosPheriSys" instantiated altera_merlin_router "id_router"
Info: id_router_002: "NiosPheriSys" instantiated altera_merlin_router "id_router_002"
Info: id_router_003: "NiosPheriSys" instantiated altera_merlin_router "id_router_003"
Info: limiter: "NiosPheriSys" instantiated altera_merlin_traffic_limiter "limiter"
Info: burst_adapter: "NiosPheriSys" instantiated altera_merlin_burst_adapter "burst_adapter"
Info: rst_controller: "NiosPheriSys" instantiated altera_reset_controller "rst_controller"
Info: cmd_xbar_demux: "NiosPheriSys" instantiated altera_merlin_demultiplexer "cmd_xbar_demux"
Info: cmd_xbar_demux_001: "NiosPheriSys" instantiated altera_merlin_demultiplexer "cmd_xbar_demux_001"
Info: cmd_xbar_mux: "NiosPheriSys" instantiated altera_merlin_multiplexer "cmd_xbar_mux"
Info: rsp_xbar_demux: "NiosPheriSys" instantiated altera_merlin_demultiplexer "rsp_xbar_demux"
Info: rsp_xbar_demux_003: "NiosPheriSys" instantiated altera_merlin_demultiplexer "rsp_xbar_demux_003"
Info: rsp_xbar_mux: "NiosPheriSys" instantiated altera_merlin_multiplexer "rsp_xbar_mux"
Info: Reusing file D:/QuartusProject/NiosPheripheral/NiosPheriSys/synthesis/submodules/altera_merlin_arbitrator.sv
Info: rsp_xbar_mux_001: "NiosPheriSys" instantiated altera_merlin_multiplexer "rsp_xbar_mux_001"
Info: Reusing file D:/QuartusProject/NiosPheripheral/NiosPheriSys/synthesis/submodules/altera_merlin_arbitrator.sv
Info: width_adapter: "NiosPheriSys" instantiated altera_merlin_width_adapter "width_adapter"
Info: Reusing file D:/QuartusProject/NiosPheripheral/NiosPheriSys/synthesis/submodules/altera_merlin_address_alignment.sv
Info: Reusing file D:/QuartusProject/NiosPheripheral/NiosPheriSys/synthesis/submodules/altera_merlin_burst_uncompressor.sv
Info: irq_mapper: "NiosPheriSys" instantiated altera_irq_mapper "irq_mapper"
Info: NiosPheriSys: Done NiosPheriSys" with 30 modules, 158 files, 3474759 bytes
Info: ip-generate succeeded.
Info: Finished: Create HDL design files for synthesis
