Info: Starting: Create block symbol file (.bsf)
Info: ip-generate --project-directory=D:/QuartusProject/nios_led/ --output-directory=D:/QuartusProject/nios_led/System/ --report-file=bsf:D:/QuartusProject/nios_led/System.bsf --system-info=DEVICE_FAMILY="Cyclone V" --system-info=DEVICE=5CGXFC5C6F27C7 --system-info=DEVICE_SPEEDGRADE=7_H6 --component-file=D:/QuartusProject/nios_led/System.qsys
Progress: Loading nios_led/System.qsys
Progress: Reading input file
Progress: Adding clk_50 [clock_source 13.0]
Progress: Parameterizing module clk_50
Progress: Adding nios2_qsys [altera_nios2_qsys 13.0]
Progress: Parameterizing module nios2_qsys
Progress: Adding jtag_uart [altera_avalon_jtag_uart 13.0.1.99.2]
Progress: Parameterizing module jtag_uart
Progress: Adding onchip_memory2 [altera_avalon_onchip_memory2 13.0.1.99.2]
Progress: Parameterizing module onchip_memory2
Progress: Adding sysid_qsys [altera_avalon_sysid_qsys 13.0]
Progress: Parameterizing module sysid_qsys
Progress: Adding led [altera_avalon_pio 13.0.1.99.2]
Progress: Parameterizing module led
Progress: Building connections
Progress: Parameterizing connections
Progress: Validating
Progress: Done reading input file
Info: System.sysid_qsys: System ID is not assigned automatically. Edit the System ID parameter to provide a unique ID
Info: System.sysid_qsys: Time stamp will be automatically updated when this component is generated.
Info: ip-generate succeeded.
Info: Finished: Create block symbol file (.bsf)
Info: 
Info: Starting: Create HDL design files for synthesis
Info: ip-generate --project-directory=D:/QuartusProject/nios_led/ --output-directory=D:/QuartusProject/nios_led/System/synthesis/ --file-set=QUARTUS_SYNTH --report-file=sopcinfo:D:/QuartusProject/nios_led/System.sopcinfo --report-file=html:D:/QuartusProject/nios_led/System.html --report-file=qip:D:/QuartusProject/nios_led/System/synthesis/System.qip --report-file=cmp:D:/QuartusProject/nios_led/System.cmp --report-file=svd --system-info=DEVICE_FAMILY="Cyclone V" --system-info=DEVICE=5CGXFC5C6F27C7 --system-info=DEVICE_SPEEDGRADE=7_H6 --component-file=D:/QuartusProject/nios_led/System.qsys --language=VERILOG
Progress: Loading nios_led/System.qsys
Progress: Reading input file
Progress: Adding clk_50 [clock_source 13.0]
Progress: Parameterizing module clk_50
Progress: Adding nios2_qsys [altera_nios2_qsys 13.0]
Progress: Parameterizing module nios2_qsys
Progress: Adding jtag_uart [altera_avalon_jtag_uart 13.0.1.99.2]
Progress: Parameterizing module jtag_uart
Progress: Adding onchip_memory2 [altera_avalon_onchip_memory2 13.0.1.99.2]
Progress: Parameterizing module onchip_memory2
Progress: Adding sysid_qsys [altera_avalon_sysid_qsys 13.0]
Progress: Parameterizing module sysid_qsys
Progress: Adding led [altera_avalon_pio 13.0.1.99.2]
Progress: Parameterizing module led
Progress: Building connections
Progress: Parameterizing connections
Progress: Validating
Progress: Done reading input file
Info: System.sysid_qsys: System ID is not assigned automatically. Edit the System ID parameter to provide a unique ID
Info: System.sysid_qsys: Time stamp will be automatically updated when this component is generated.
Info: System: Generating System "System" for QUARTUS_SYNTH
Info: pipeline_bridge_swap_transform: After transform: 6 modules, 23 connections
Info: No custom instruction connections, skipping transform 
Info: merlin_translator_transform: After transform: 13 modules, 51 connections
Info: merlin_domain_transform: After transform: 26 modules, 137 connections
Info: merlin_router_transform: After transform: 33 modules, 165 connections
Info: merlin_traffic_limiter_transform: After transform: 35 modules, 175 connections
Info: reset_adaptation_transform: After transform: 36 modules, 138 connections
Info: merlin_network_to_switch_transform: After transform: 49 modules, 166 connections
Info: limiter_update_transform: After transform: 49 modules, 168 connections
Info: merlin_mm_transform: After transform: 49 modules, 168 connections
Info: merlin_interrupt_mapper_transform: After transform: 50 modules, 171 connections
Warning: System: "No matching role found for rst_controller:reset_out:reset_req (reset_req)"
Warning: System: "No matching role found for rst_controller:reset_out:reset_req (reset_req)"
Warning: System: "No matching role found for rst_controller:reset_out:reset_req (reset_req)"
Warning: System: "No matching role found for rst_controller:reset_out:reset_req (reset_req)"
Warning: System: "No matching role found for rst_controller:reset_out:reset_req (reset_req)"
Warning: System: "No matching role found for rst_controller:reset_out:reset_req (reset_req)"
Warning: System: "No matching role found for rst_controller:reset_out:reset_req (reset_req)"
Warning: System: "No matching role found for rst_controller:reset_out:reset_req (reset_req)"
Warning: System: "No matching role found for rst_controller:reset_out:reset_req (reset_req)"
Warning: System: "No matching role found for rst_controller:reset_out:reset_req (reset_req)"
Warning: System: "No matching role found for rst_controller:reset_out:reset_req (reset_req)"
Warning: System: "No matching role found for rst_controller:reset_out:reset_req (reset_req)"
Warning: System: "No matching role found for rst_controller:reset_out:reset_req (reset_req)"
Warning: System: "No matching role found for rst_controller:reset_out:reset_req (reset_req)"
Warning: System: "No matching role found for rst_controller:reset_out:reset_req (reset_req)"
Warning: System: "No matching role found for rst_controller:reset_out:reset_req (reset_req)"
Warning: System: "No matching role found for rst_controller:reset_out:reset_req (reset_req)"
Warning: System: "No matching role found for rst_controller:reset_out:reset_req (reset_req)"
Warning: System: "No matching role found for rst_controller:reset_out:reset_req (reset_req)"
Warning: System: "No matching role found for rst_controller:reset_out:reset_req (reset_req)"
Warning: System: "No matching role found for rst_controller:reset_out:reset_req (reset_req)"
Warning: System: "No matching role found for rst_controller:reset_out:reset_req (reset_req)"
Warning: System: "No matching role found for rst_controller:reset_out:reset_req (reset_req)"
Warning: System: "No matching role found for rst_controller:reset_out:reset_req (reset_req)"
Warning: System: "No matching role found for rst_controller:reset_out:reset_req (reset_req)"
Warning: System: "No matching role found for rst_controller:reset_out:reset_req (reset_req)"
Warning: System: "No matching role found for rst_controller:reset_out:reset_req (reset_req)"
Warning: System: "No matching role found for rst_controller:reset_out:reset_req (reset_req)"
Warning: System: "No matching role found for rst_controller:reset_out:reset_req (reset_req)"
Warning: System: "No matching role found for rst_controller:reset_out:reset_req (reset_req)"
Warning: System: "No matching role found for rst_controller:reset_out:reset_req (reset_req)"
Warning: System: "No matching role found for rst_controller:reset_out:reset_req (reset_req)"
Warning: System: "No matching role found for rst_controller:reset_out:reset_req (reset_req)"
Warning: System: "No matching role found for rst_controller:reset_out:reset_req (reset_req)"
Warning: System: "No matching role found for rst_controller:reset_out:reset_req (reset_req)"
Warning: System: "No matching role found for rst_controller:reset_out:reset_req (reset_req)"
Warning: System: "No matching role found for rst_controller:reset_out:reset_req (reset_req)"
Warning: System: "No matching role found for rst_controller:reset_out:reset_req (reset_req)"
Warning: System: "No matching role found for rst_controller:reset_out:reset_req (reset_req)"
Warning: System: "No matching role found for rst_controller:reset_out:reset_req (reset_req)"
Warning: System: "No matching role found for rst_controller:reset_out:reset_req (reset_req)"
Warning: System: "No matching role found for rst_controller:reset_out:reset_req (reset_req)"
Warning: System: "No matching role found for rst_controller:reset_out:reset_req (reset_req)"
Warning: System: "No matching role found for rst_controller:reset_out:reset_req (reset_req)"
Warning: System: "No matching role found for rst_controller:reset_out:reset_req (reset_req)"
Warning: System: "No matching role found for rst_controller:reset_out:reset_req (reset_req)"
Warning: System: "No matching role found for rst_controller:reset_out:reset_req (reset_req)"
Info: nios2_qsys: Starting RTL generation for module 'System_nios2_qsys'
Info: nios2_qsys:   Generation command is [exec C:/altera/13.0sp1/quartus/../ip/altera/nios2_ip/altera_nios2/eperl.exe -I C:/altera/13.0sp1/quartus/common/ip/altera/common/perl/5.8.3 -I C:/altera/13.0sp1/quartus/sopc_builder/bin/europa -I C:/altera/13.0sp1/quartus/sopc_builder/bin/perl_lib -I C:/altera/13.0sp1/quartus/sopc_builder/bin -I C:/altera/13.0sp1/quartus/../ip/altera/nios2_ip/altera_nios2/cpu_lib -I C:/altera/13.0sp1/quartus/../ip/altera/nios2_ip/altera_nios2/nios_lib -I C:/altera/13.0sp1/quartus/../ip/altera/nios2_ip/altera_nios2 -I C:/altera/13.0sp1/quartus/../ip/altera/nios2_ip/altera_nios2 -- C:/altera/13.0sp1/quartus/../ip/altera/nios2_ip/altera_nios2/generate_rtl.epl --name=System_nios2_qsys --dir=C:/Users/KISHAN/AppData/Local/Temp/alt8331_2389928862120066971.dir/0001_nios2_qsys_gen/ --quartus_dir=C:/altera/13.0sp1/quartus --verilog --config=C:/Users/KISHAN/AppData/Local/Temp/alt8331_2389928862120066971.dir/0001_nios2_qsys_gen//System_nios2_qsys_processor_configuration.pl  --do_build_sim=0    --bogus  ]
Info: nios2_qsys: # 2020.03.10 11:29:44 (*) Starting Nios II generation
Info: nios2_qsys: # 2020.03.10 11:29:44 (*)   Checking for plaintext license.
Info: nios2_qsys: # 2020.03.10 11:29:45 (*)   Couldn't query license setup in Quartus directory C:/altera/13.0sp1/quartus
Info: nios2_qsys: # 2020.03.10 11:29:45 (*)   Defaulting to contents of LM_LICENSE_FILE environment variable
Info: nios2_qsys: # 2020.03.10 11:29:45 (*)   LM_LICENSE_FILE environment variable is empty
Info: nios2_qsys: # 2020.03.10 11:29:45 (*)   Plaintext license not found.
Info: nios2_qsys: # 2020.03.10 11:29:45 (*)   Checking for encrypted license (non-evaluation).
Info: nios2_qsys: # 2020.03.10 11:29:46 (*)   Couldn't query license setup in Quartus directory C:/altera/13.0sp1/quartus
Info: nios2_qsys: # 2020.03.10 11:29:46 (*)   Defaulting to contents of LM_LICENSE_FILE environment variable
Info: nios2_qsys: # 2020.03.10 11:29:46 (*)   LM_LICENSE_FILE environment variable is empty
Info: nios2_qsys: # 2020.03.10 11:29:46 (*)   Encrypted license not found.  Defaulting to OCP evaluation license (produces a time-limited SOF)
Info: nios2_qsys: # 2020.03.10 11:29:46 (*)   Elaborating CPU configuration settings
Info: nios2_qsys: # 2020.03.10 11:29:46 (*)   Creating all objects for CPU
Info: nios2_qsys: # 2020.03.10 11:29:46 (*)     Testbench
Info: nios2_qsys: # 2020.03.10 11:29:46 (*)     Instruction decoding
Info: nios2_qsys: # 2020.03.10 11:29:46 (*)       Instruction fields
Info: nios2_qsys: # 2020.03.10 11:29:46 (*)       Instruction decodes
Info: nios2_qsys: # 2020.03.10 11:29:46 (*)       Signals for RTL simulation waveforms
Info: nios2_qsys: # 2020.03.10 11:29:47 (*)       Instruction controls
Info: nios2_qsys: # 2020.03.10 11:29:47 (*)     Pipeline frontend
Info: nios2_qsys: # 2020.03.10 11:29:47 (*)     Pipeline backend
Info: nios2_qsys: # 2020.03.10 11:29:48 (*)   Generating RTL from CPU objects
Info: nios2_qsys: # 2020.03.10 11:29:51 (*)   Creating encrypted RTL
Info: nios2_qsys: # 2020.03.10 11:29:52 (*) Done Nios II generation
Info: nios2_qsys: Done RTL generation for module 'System_nios2_qsys'
Info: nios2_qsys: "System" instantiated altera_nios2_qsys "nios2_qsys"
Info: jtag_uart: Starting RTL generation for module 'System_jtag_uart'
Info: jtag_uart:   Generation command is [exec C:/altera/13.0sp1/quartus/bin/perl/bin/perl.exe -I C:/altera/13.0sp1/quartus/common/ip/altera/common/perl/5.8.3 -I C:/altera/13.0sp1/quartus/sopc_builder/bin/europa -I C:/altera/13.0sp1/quartus/sopc_builder/bin/perl_lib -I C:/altera/13.0sp1/quartus/sopc_builder/bin -I C:/altera/13.0sp1/quartus/../ip/altera/sopc_builder_ip/common -I C:/altera/13.0sp1/quartus/../ip/altera/sopc_builder_ip/altera_avalon_jtag_uart -- C:/altera/13.0sp1/quartus/../ip/altera/sopc_builder_ip/altera_avalon_jtag_uart/generate_rtl.pl --name=System_jtag_uart --dir=C:/Users/KISHAN/AppData/Local/Temp/alt8331_2389928862120066971.dir/0002_jtag_uart_gen/ --quartus_dir=C:/altera/13.0sp1/quartus --verilog --config=C:/Users/KISHAN/AppData/Local/Temp/alt8331_2389928862120066971.dir/0002_jtag_uart_gen//System_jtag_uart_component_configuration.pl  --do_build_sim=0  ]
Info: jtag_uart: Done RTL generation for module 'System_jtag_uart'
Info: jtag_uart: "System" instantiated altera_avalon_jtag_uart "jtag_uart"
Info: onchip_memory2: Starting RTL generation for module 'System_onchip_memory2'
Info: onchip_memory2:   Generation command is [exec C:/altera/13.0sp1/quartus/bin/perl/bin/perl.exe -I C:/altera/13.0sp1/quartus/common/ip/altera/common/perl/5.8.3 -I C:/altera/13.0sp1/quartus/sopc_builder/bin/europa -I C:/altera/13.0sp1/quartus/sopc_builder/bin/perl_lib -I C:/altera/13.0sp1/quartus/sopc_builder/bin -I C:/altera/13.0sp1/quartus/../ip/altera/sopc_builder_ip/common -I C:/altera/13.0sp1/quartus/../ip/altera/sopc_builder_ip/altera_avalon_onchip_memory2 -- C:/altera/13.0sp1/quartus/../ip/altera/sopc_builder_ip/altera_avalon_onchip_memory2/generate_rtl.pl --name=System_onchip_memory2 --dir=C:/Users/KISHAN/AppData/Local/Temp/alt8331_2389928862120066971.dir/0003_onchip_memory2_gen/ --quartus_dir=C:/altera/13.0sp1/quartus --verilog --config=C:/Users/KISHAN/AppData/Local/Temp/alt8331_2389928862120066971.dir/0003_onchip_memory2_gen//System_onchip_memory2_component_configuration.pl  --do_build_sim=0  ]
Info: onchip_memory2: Done RTL generation for module 'System_onchip_memory2'
Info: onchip_memory2: "System" instantiated altera_avalon_onchip_memory2 "onchip_memory2"
Info: sysid_qsys: "System" instantiated altera_avalon_sysid_qsys "sysid_qsys"
Info: led: Starting RTL generation for module 'System_led'
Info: led:   Generation command is [exec C:/altera/13.0sp1/quartus/bin/perl/bin/perl.exe -I C:/altera/13.0sp1/quartus/common/ip/altera/common/perl/5.8.3 -I C:/altera/13.0sp1/quartus/sopc_builder/bin/europa -I C:/altera/13.0sp1/quartus/sopc_builder/bin/perl_lib -I C:/altera/13.0sp1/quartus/sopc_builder/bin -I C:/altera/13.0sp1/quartus/../ip/altera/sopc_builder_ip/common -I C:/altera/13.0sp1/quartus/../ip/altera/sopc_builder_ip/altera_avalon_pio -- C:/altera/13.0sp1/quartus/../ip/altera/sopc_builder_ip/altera_avalon_pio/generate_rtl.pl --name=System_led --dir=C:/Users/KISHAN/AppData/Local/Temp/alt8331_2389928862120066971.dir/0005_led_gen/ --quartus_dir=C:/altera/13.0sp1/quartus --verilog --config=C:/Users/KISHAN/AppData/Local/Temp/alt8331_2389928862120066971.dir/0005_led_gen//System_led_component_configuration.pl  --do_build_sim=0  ]
Info: led: Done RTL generation for module 'System_led'
Info: led: "System" instantiated altera_avalon_pio "led"
Info: nios2_qsys_instruction_master_translator: "System" instantiated altera_merlin_master_translator "nios2_qsys_instruction_master_translator"
Info: nios2_qsys_jtag_debug_module_translator: "System" instantiated altera_merlin_slave_translator "nios2_qsys_jtag_debug_module_translator"
Info: nios2_qsys_instruction_master_translator_avalon_universal_master_0_agent: "System" instantiated altera_merlin_master_agent "nios2_qsys_instruction_master_translator_avalon_universal_master_0_agent"
Info: nios2_qsys_jtag_debug_module_translator_avalon_universal_slave_0_agent: "System" instantiated altera_merlin_slave_agent "nios2_qsys_jtag_debug_module_translator_avalon_universal_slave_0_agent"
Info: nios2_qsys_jtag_debug_module_translator_avalon_universal_slave_0_agent_rsp_fifo: "System" instantiated altera_avalon_sc_fifo "nios2_qsys_jtag_debug_module_translator_avalon_universal_slave_0_agent_rsp_fifo"
Info: addr_router: "System" instantiated altera_merlin_router "addr_router"
Info: addr_router_001: "System" instantiated altera_merlin_router "addr_router_001"
Info: id_router: "System" instantiated altera_merlin_router "id_router"
Info: id_router_002: "System" instantiated altera_merlin_router "id_router_002"
Info: limiter: "System" instantiated altera_merlin_traffic_limiter "limiter"
Info: rst_controller: "System" instantiated altera_reset_controller "rst_controller"
Info: cmd_xbar_demux: "System" instantiated altera_merlin_demultiplexer "cmd_xbar_demux"
Info: cmd_xbar_demux_001: "System" instantiated altera_merlin_demultiplexer "cmd_xbar_demux_001"
Info: cmd_xbar_mux: "System" instantiated altera_merlin_multiplexer "cmd_xbar_mux"
Info: rsp_xbar_demux: "System" instantiated altera_merlin_demultiplexer "rsp_xbar_demux"
Info: rsp_xbar_demux_002: "System" instantiated altera_merlin_demultiplexer "rsp_xbar_demux_002"
Info: rsp_xbar_mux: "System" instantiated altera_merlin_multiplexer "rsp_xbar_mux"
Info: Reusing file D:/QuartusProject/nios_led/System/synthesis/submodules/altera_merlin_arbitrator.sv
Info: rsp_xbar_mux_001: "System" instantiated altera_merlin_multiplexer "rsp_xbar_mux_001"
Info: Reusing file D:/QuartusProject/nios_led/System/synthesis/submodules/altera_merlin_arbitrator.sv
Info: irq_mapper: "System" instantiated altera_irq_mapper "irq_mapper"
Info: System: Done System" with 25 modules, 73 files, 2589213 bytes
Info: ip-generate succeeded.
Info: Finished: Create HDL design files for synthesis
