Flow report for NiosSystem
Wed Mar 18 16:50:30 2020
Quartus II 64-Bit Version 13.0.1 Build 232 06/12/2013 Service Pack 1 SJ Web Edition


---------------------
; Table of Contents ;
---------------------
  1. Legal Notice
  2. Flow Summary
  3. Flow Settings
  4. Flow Non-Default Global Settings
  5. Flow Elapsed Time
  6. Flow OS Summary
  7. Flow Log
  8. Flow Messages
  9. Flow Suppressed Messages



----------------
; Legal Notice ;
----------------
Copyright (C) 1991-2013 Altera Corporation
Your use of Altera Corporation's design tools, logic functions 
and other software and tools, and its AMPP partner logic 
functions, and any output files from any of the foregoing 
(including device programming or simulation files), and any 
associated documentation or information are expressly subject 
to the terms and conditions of the Altera Program License 
Subscription Agreement, Altera MegaCore Function License 
Agreement, or other applicable license agreement, including, 
without limitation, that your use is for the sole purpose of 
programming logic devices manufactured by Altera and sold by 
Altera or its authorized distributors.  Please refer to the 
applicable agreement for further details.



+--------------------------------------------------------------------------------------+
; Flow Summary                                                                         ;
+------------------------------------+-------------------------------------------------+
; Flow Status                        ; Successful - Wed Mar 18 16:50:26 2020           ;
; Quartus II 64-Bit Version          ; 13.0.1 Build 232 06/12/2013 SP 1 SJ Web Edition ;
; Revision Name                      ; NiosSystem                                      ;
; Top-level Entity Name              ; NiosPheriSysTop                                 ;
; Family                             ; Cyclone III                                     ;
; Device                             ; EP3C16F484C6                                    ;
; Timing Models                      ; Final                                           ;
; Total logic elements               ; 3,723 / 15,408 ( 24 % )                         ;
;     Total combinational functions  ; 3,370 / 15,408 ( 22 % )                         ;
;     Dedicated logic registers      ; 2,488 / 15,408 ( 16 % )                         ;
; Total registers                    ; 2557                                            ;
; Total pins                         ; 89 / 347 ( 26 % )                               ;
; Total virtual pins                 ; 0                                               ;
; Total memory bits                  ; 230,848 / 516,096 ( 45 % )                      ;
; Embedded Multiplier 9-bit elements ; 4 / 112 ( 4 % )                                 ;
; Total PLLs                         ; 1 / 4 ( 25 % )                                  ;
+------------------------------------+-------------------------------------------------+


+-----------------------------------------+
; Flow Settings                           ;
+-------------------+---------------------+
; Option            ; Setting             ;
+-------------------+---------------------+
; Start date & time ; 03/18/2020 16:49:49 ;
; Main task         ; Compilation         ;
; Revision Name     ; NiosSystem          ;
+-------------------+---------------------+


+---------------------------------------------------------------------------------------------------------------------------------------------------------------------+
; Flow Non-Default Global Settings                                                                                                                                    ;
+-------------------------------------+----------------------------------------------------------------+---------------+---------------------------------+------------+
; Assignment Name                     ; Value                                                          ; Default Value ; Entity Name                     ; Section Id ;
+-------------------------------------+----------------------------------------------------------------+---------------+---------------------------------+------------+
; COMPILER_SIGNATURE_ID               ; 215938441493240.158453038913032                                ; --            ; --                              ; --         ;
; IP_TOOL_ENV                         ; Qsys                                                           ; --            ; NiosPheriSys                    ; --         ;
; IP_TOOL_ENV                         ; Qsys                                                           ; --            ; NiosPheriSys_addr_router        ; --         ;
; IP_TOOL_ENV                         ; Qsys                                                           ; --            ; NiosPheriSys_addr_router_001    ; --         ;
; IP_TOOL_ENV                         ; Qsys                                                           ; --            ; NiosPheriSys_cmd_xbar_demux     ; --         ;
; IP_TOOL_ENV                         ; Qsys                                                           ; --            ; NiosPheriSys_cmd_xbar_demux_001 ; --         ;
; IP_TOOL_ENV                         ; Qsys                                                           ; --            ; NiosPheriSys_cmd_xbar_mux       ; --         ;
; IP_TOOL_ENV                         ; Qsys                                                           ; --            ; NiosPheriSys_cpu                ; --         ;
; IP_TOOL_ENV                         ; Qsys                                                           ; --            ; NiosPheriSys_id_router          ; --         ;
; IP_TOOL_ENV                         ; Qsys                                                           ; --            ; NiosPheriSys_id_router_002      ; --         ;
; IP_TOOL_ENV                         ; Qsys                                                           ; --            ; NiosPheriSys_id_router_003      ; --         ;
; IP_TOOL_ENV                         ; Qsys                                                           ; --            ; NiosPheriSys_irq_mapper         ; --         ;
; IP_TOOL_ENV                         ; Qsys                                                           ; --            ; NiosPheriSys_jtag_uart          ; --         ;
; IP_TOOL_ENV                         ; Qsys                                                           ; --            ; NiosPheriSys_onchip_memory      ; --         ;
; IP_TOOL_ENV                         ; Qsys                                                           ; --            ; NiosPheriSys_rsp_xbar_demux     ; --         ;
; IP_TOOL_ENV                         ; Qsys                                                           ; --            ; NiosPheriSys_rsp_xbar_demux_003 ; --         ;
; IP_TOOL_ENV                         ; Qsys                                                           ; --            ; NiosPheriSys_rsp_xbar_mux       ; --         ;
; IP_TOOL_ENV                         ; Qsys                                                           ; --            ; NiosPheriSys_rsp_xbar_mux_001   ; --         ;
; IP_TOOL_ENV                         ; Qsys                                                           ; --            ; NiosPheriSys_sdram_cntr         ; --         ;
; IP_TOOL_ENV                         ; Qsys                                                           ; --            ; NiosPheriSys_seven_seg0         ; --         ;
; IP_TOOL_ENV                         ; Qsys                                                           ; --            ; NiosPheriSys_sw                 ; --         ;
; IP_TOOL_ENV                         ; Qsys                                                           ; --            ; NiosPheriSys_timer              ; --         ;
; IP_TOOL_ENV                         ; Qsys                                                           ; --            ; altera_avalon_sc_fifo           ; --         ;
; IP_TOOL_ENV                         ; Qsys                                                           ; --            ; altera_merlin_burst_adapter     ; --         ;
; IP_TOOL_ENV                         ; Qsys                                                           ; --            ; altera_merlin_master_agent      ; --         ;
; IP_TOOL_ENV                         ; Qsys                                                           ; --            ; altera_merlin_master_translator ; --         ;
; IP_TOOL_ENV                         ; Qsys                                                           ; --            ; altera_merlin_slave_agent       ; --         ;
; IP_TOOL_ENV                         ; Qsys                                                           ; --            ; altera_merlin_slave_translator  ; --         ;
; IP_TOOL_ENV                         ; Qsys                                                           ; --            ; altera_merlin_traffic_limiter   ; --         ;
; IP_TOOL_ENV                         ; Qsys                                                           ; --            ; altera_merlin_width_adapter     ; --         ;
; IP_TOOL_ENV                         ; Qsys                                                           ; --            ; altera_reset_controller         ; --         ;
; IP_TOOL_NAME                        ; ALTPLL                                                         ; --            ; --                              ; --         ;
; IP_TOOL_NAME                        ; Qsys                                                           ; --            ; NiosPheriSys                    ; --         ;
; IP_TOOL_NAME                        ; altera_merlin_router                                           ; --            ; NiosPheriSys_addr_router        ; --         ;
; IP_TOOL_NAME                        ; altera_merlin_router                                           ; --            ; NiosPheriSys_addr_router_001    ; --         ;
; IP_TOOL_NAME                        ; altera_merlin_demultiplexer                                    ; --            ; NiosPheriSys_cmd_xbar_demux     ; --         ;
; IP_TOOL_NAME                        ; altera_merlin_demultiplexer                                    ; --            ; NiosPheriSys_cmd_xbar_demux_001 ; --         ;
; IP_TOOL_NAME                        ; altera_merlin_multiplexer                                      ; --            ; NiosPheriSys_cmd_xbar_mux       ; --         ;
; IP_TOOL_NAME                        ; altera_nios2_qsys                                              ; --            ; NiosPheriSys_cpu                ; --         ;
; IP_TOOL_NAME                        ; altera_merlin_router                                           ; --            ; NiosPheriSys_id_router          ; --         ;
; IP_TOOL_NAME                        ; altera_merlin_router                                           ; --            ; NiosPheriSys_id_router_002      ; --         ;
; IP_TOOL_NAME                        ; altera_merlin_router                                           ; --            ; NiosPheriSys_id_router_003      ; --         ;
; IP_TOOL_NAME                        ; altera_irq_mapper                                              ; --            ; NiosPheriSys_irq_mapper         ; --         ;
; IP_TOOL_NAME                        ; altera_avalon_jtag_uart                                        ; --            ; NiosPheriSys_jtag_uart          ; --         ;
; IP_TOOL_NAME                        ; altera_avalon_onchip_memory2                                   ; --            ; NiosPheriSys_onchip_memory      ; --         ;
; IP_TOOL_NAME                        ; altera_merlin_demultiplexer                                    ; --            ; NiosPheriSys_rsp_xbar_demux     ; --         ;
; IP_TOOL_NAME                        ; altera_merlin_demultiplexer                                    ; --            ; NiosPheriSys_rsp_xbar_demux_003 ; --         ;
; IP_TOOL_NAME                        ; altera_merlin_multiplexer                                      ; --            ; NiosPheriSys_rsp_xbar_mux       ; --         ;
; IP_TOOL_NAME                        ; altera_merlin_multiplexer                                      ; --            ; NiosPheriSys_rsp_xbar_mux_001   ; --         ;
; IP_TOOL_NAME                        ; altera_avalon_new_sdram_controller                             ; --            ; NiosPheriSys_sdram_cntr         ; --         ;
; IP_TOOL_NAME                        ; altera_avalon_pio                                              ; --            ; NiosPheriSys_seven_seg0         ; --         ;
; IP_TOOL_NAME                        ; altera_avalon_pio                                              ; --            ; NiosPheriSys_sw                 ; --         ;
; IP_TOOL_NAME                        ; altera_avalon_timer                                            ; --            ; NiosPheriSys_timer              ; --         ;
; IP_TOOL_NAME                        ; altera_avalon_sc_fifo                                          ; --            ; altera_avalon_sc_fifo           ; --         ;
; IP_TOOL_NAME                        ; altera_merlin_burst_adapter                                    ; --            ; altera_merlin_burst_adapter     ; --         ;
; IP_TOOL_NAME                        ; altera_merlin_master_agent                                     ; --            ; altera_merlin_master_agent      ; --         ;
; IP_TOOL_NAME                        ; altera_merlin_master_translator                                ; --            ; altera_merlin_master_translator ; --         ;
; IP_TOOL_NAME                        ; altera_merlin_slave_agent                                      ; --            ; altera_merlin_slave_agent       ; --         ;
; IP_TOOL_NAME                        ; altera_merlin_slave_translator                                 ; --            ; altera_merlin_slave_translator  ; --         ;
; IP_TOOL_NAME                        ; altera_merlin_traffic_limiter                                  ; --            ; altera_merlin_traffic_limiter   ; --         ;
; IP_TOOL_NAME                        ; altera_merlin_width_adapter                                    ; --            ; altera_merlin_width_adapter     ; --         ;
; IP_TOOL_NAME                        ; altera_reset_controller                                        ; --            ; altera_reset_controller         ; --         ;
; IP_TOOL_VERSION                     ; 13.0                                                           ; --            ; --                              ; --         ;
; IP_TOOL_VERSION                     ; 13.0sp1                                                        ; --            ; NiosPheriSys                    ; --         ;
; IP_TOOL_VERSION                     ; 13.0                                                           ; --            ; NiosPheriSys_addr_router        ; --         ;
; IP_TOOL_VERSION                     ; 13.0                                                           ; --            ; NiosPheriSys_addr_router_001    ; --         ;
; IP_TOOL_VERSION                     ; 13.0                                                           ; --            ; NiosPheriSys_cmd_xbar_demux     ; --         ;
; IP_TOOL_VERSION                     ; 13.0                                                           ; --            ; NiosPheriSys_cmd_xbar_demux_001 ; --         ;
; IP_TOOL_VERSION                     ; 13.0                                                           ; --            ; NiosPheriSys_cmd_xbar_mux       ; --         ;
; IP_TOOL_VERSION                     ; 13.0                                                           ; --            ; NiosPheriSys_cpu                ; --         ;
; IP_TOOL_VERSION                     ; 13.0                                                           ; --            ; NiosPheriSys_id_router          ; --         ;
; IP_TOOL_VERSION                     ; 13.0                                                           ; --            ; NiosPheriSys_id_router_002      ; --         ;
; IP_TOOL_VERSION                     ; 13.0                                                           ; --            ; NiosPheriSys_id_router_003      ; --         ;
; IP_TOOL_VERSION                     ; 13.0                                                           ; --            ; NiosPheriSys_irq_mapper         ; --         ;
; IP_TOOL_VERSION                     ; 13.0.1.99.2                                                    ; --            ; NiosPheriSys_jtag_uart          ; --         ;
; IP_TOOL_VERSION                     ; 13.0.1.99.2                                                    ; --            ; NiosPheriSys_onchip_memory      ; --         ;
; IP_TOOL_VERSION                     ; 13.0                                                           ; --            ; NiosPheriSys_rsp_xbar_demux     ; --         ;
; IP_TOOL_VERSION                     ; 13.0                                                           ; --            ; NiosPheriSys_rsp_xbar_demux_003 ; --         ;
; IP_TOOL_VERSION                     ; 13.0                                                           ; --            ; NiosPheriSys_rsp_xbar_mux       ; --         ;
; IP_TOOL_VERSION                     ; 13.0                                                           ; --            ; NiosPheriSys_rsp_xbar_mux_001   ; --         ;
; IP_TOOL_VERSION                     ; 13.0.1.99.2                                                    ; --            ; NiosPheriSys_sdram_cntr         ; --         ;
; IP_TOOL_VERSION                     ; 13.0.1.99.2                                                    ; --            ; NiosPheriSys_seven_seg0         ; --         ;
; IP_TOOL_VERSION                     ; 13.0.1.99.2                                                    ; --            ; NiosPheriSys_sw                 ; --         ;
; IP_TOOL_VERSION                     ; 13.0.1.99.2                                                    ; --            ; NiosPheriSys_timer              ; --         ;
; IP_TOOL_VERSION                     ; 13.0                                                           ; --            ; altera_avalon_sc_fifo           ; --         ;
; IP_TOOL_VERSION                     ; 13.0                                                           ; --            ; altera_merlin_burst_adapter     ; --         ;
; IP_TOOL_VERSION                     ; 13.0                                                           ; --            ; altera_merlin_master_agent      ; --         ;
; IP_TOOL_VERSION                     ; 13.0                                                           ; --            ; altera_merlin_master_translator ; --         ;
; IP_TOOL_VERSION                     ; 13.0                                                           ; --            ; altera_merlin_slave_agent       ; --         ;
; IP_TOOL_VERSION                     ; 13.0                                                           ; --            ; altera_merlin_slave_translator  ; --         ;
; IP_TOOL_VERSION                     ; 13.0                                                           ; --            ; altera_merlin_traffic_limiter   ; --         ;
; IP_TOOL_VERSION                     ; 13.0                                                           ; --            ; altera_merlin_width_adapter     ; --         ;
; IP_TOOL_VERSION                     ; 13.0                                                           ; --            ; altera_reset_controller         ; --         ;
; MAX_CORE_JUNCTION_TEMP              ; 85                                                             ; --            ; --                              ; --         ;
; MIN_CORE_JUNCTION_TEMP              ; 0                                                              ; --            ; --                              ; --         ;
; MISC_FILE                           ; NiosPheriSys/synthesis/../../NiosPheriSys.cmp                  ; --            ; --                              ; --         ;
; MISC_FILE                           ; NiosPheriSys/synthesis/../../NiosPheriSys.qsys                 ; --            ; --                              ; --         ;
; MISC_FILE                           ; sdram_nios_pll.bsf                                             ; --            ; --                              ; --         ;
; MISC_FILE                           ; sdram_nios_pll_inst.vhd                                        ; --            ; --                              ; --         ;
; MISC_FILE                           ; sdram_nios_pll.cmp                                             ; --            ; --                              ; --         ;
; MISC_FILE                           ; sdram_nios_pll.ppf                                             ; --            ; --                              ; --         ;
; PARTITION_COLOR                     ; 16764057                                                       ; --            ; NiosPheriSysTop                 ; Top        ;
; PARTITION_FITTER_PRESERVATION_LEVEL ; PLACEMENT_AND_ROUTING                                          ; --            ; NiosPheriSysTop                 ; Top        ;
; PARTITION_NETLIST_TYPE              ; SOURCE                                                         ; --            ; NiosPheriSysTop                 ; Top        ;
; PROJECT_OUTPUT_DIRECTORY            ; output_files                                                   ; --            ; --                              ; --         ;
; SLD_INFO                            ; QSYS_NAME NiosPheriSys HAS_SOPCINFO 1 GENERATION_ID 1584524544 ; --            ; NiosPheriSys                    ; --         ;
; SOPCINFO_FILE                       ; NiosPheriSys/synthesis/../../NiosPheriSys.sopcinfo             ; --            ; --                              ; --         ;
; SYNTHESIS_ONLY_QIP                  ; On                                                             ; --            ; --                              ; --         ;
; TOP_LEVEL_ENTITY                    ; NiosPheriSysTop                                                ; NiosSystem    ; --                              ; --         ;
+-------------------------------------+----------------------------------------------------------------+---------------+---------------------------------+------------+


+-------------------------------------------------------------------------------------------------------------------------------+
; Flow Elapsed Time                                                                                                             ;
+---------------------------+--------------+-------------------------+---------------------+------------------------------------+
; Module Name               ; Elapsed Time ; Average Processors Used ; Peak Virtual Memory ; Total CPU Time (on all processors) ;
+---------------------------+--------------+-------------------------+---------------------+------------------------------------+
; Analysis & Synthesis      ; 00:00:17     ; 1.0                     ; 4850 MB             ; 00:00:17                           ;
; Fitter                    ; 00:00:14     ; 1.6                     ; 5485 MB             ; 00:00:18                           ;
; Assembler                 ; 00:00:02     ; 1.0                     ; 4604 MB             ; 00:00:01                           ;
; TimeQuest Timing Analyzer ; 00:00:03     ; 1.0                     ; 4736 MB             ; 00:00:04                           ;
; Total                     ; 00:00:36     ; --                      ; --                  ; 00:00:40                           ;
+---------------------------+--------------+-------------------------+---------------------+------------------------------------+


+----------------------------------------------------------------------------------------+
; Flow OS Summary                                                                        ;
+---------------------------+------------------+-----------+------------+----------------+
; Module Name               ; Machine Hostname ; OS Name   ; OS Version ; Processor type ;
+---------------------------+------------------+-----------+------------+----------------+
; Analysis & Synthesis      ; FLDEC-18         ; Windows 7 ; 6.2        ; x86_64         ;
; Fitter                    ; FLDEC-18         ; Windows 7 ; 6.2        ; x86_64         ;
; Assembler                 ; FLDEC-18         ; Windows 7 ; 6.2        ; x86_64         ;
; TimeQuest Timing Analyzer ; FLDEC-18         ; Windows 7 ; 6.2        ; x86_64         ;
+---------------------------+------------------+-----------+------------+----------------+


------------
; Flow Log ;
------------
quartus_map --read_settings_files=on --write_settings_files=off NiosSystem -c NiosSystem
quartus_fit --read_settings_files=off --write_settings_files=off NiosSystem -c NiosSystem
quartus_asm --read_settings_files=off --write_settings_files=off NiosSystem -c NiosSystem
quartus_sta NiosSystem -c NiosSystem



